{"level":"error"}
{"code":"MODULE_NOT_FOUND","level":"error"}
{"code":"MODULE_NOT_FOUND","level":"error"}
{"code":"MODULE_NOT_FOUND","level":"error"}
{"code":"MODULE_NOT_FOUND","level":"error"}
{"level":"error"}
{"code":"MODULE_NOT_FOUND","level":"error"}
{"code":"MODULE_NOT_FOUND","level":"error"}
{"code":"MODULE_NOT_FOUND","level":"error"}
{"level":"error"}
{"code":"MODULE_NOT_FOUND","level":"error"}
{"code":"MODULE_NOT_FOUND","level":"error"}
{"code":"MODULE_NOT_FOUND","level":"error"}
{"code":"MODULE_NOT_FOUND","level":"error"}
{"code":"MODULE_NOT_FOUND","level":"error"}
{"code":"MODULE_NOT_FOUND","level":"error"}
{"code":"MODULE_NOT_FOUND","level":"error"}
{"code":"MODULE_NOT_FOUND","level":"error"}
{"code":"MODULE_NOT_FOUND","level":"error"}
{"level":"error"}
{"code":"MODULE_NOT_FOUND","level":"error"}
{"code":"MODULE_NOT_FOUND","level":"error"}
{"code":"MODULE_NOT_FOUND","level":"error"}
{"level":"error"}
{"code":"MODULE_NOT_FOUND","level":"error"}
{"level":"error"}
{"code":"MODULE_NOT_FOUND","level":"error"}
{"level":"error"}
{"level":"error"}
{"level":"error"}
{"level":"error"}
{"code":"MODULE_NOT_FOUND","level":"error"}
{"level":"error"}
{"code":"MODULE_NOT_FOUND","level":"error"}
{"level":"error"}
{"code":"MODULE_NOT_FOUND","level":"error"}
{"level":"error"}
{"level":"error"}
{"code":"MODULE_NOT_FOUND","level":"error"}
{"name":"SequelizeDatabaseError","parent":{"code":"ER_BAD_FIELD_ERROR","errno":1054,"sqlState":"42S22","sqlMessage":"Unknown column 'createdAt' in 'field list'","sql":"SELECT `id`, `name`, `created_at`, `updated_at`, `createdAt`, `updatedAt` FROM `community` AS `Community`;"},"original":{"code":"ER_BAD_FIELD_ERROR","errno":1054,"sqlState":"42S22","sqlMessage":"Unknown column 'createdAt' in 'field list'","sql":"SELECT `id`, `name`, `created_at`, `updated_at`, `createdAt`, `updatedAt` FROM `community` AS `Community`;"},"sql":"SELECT `id`, `name`, `created_at`, `updated_at`, `createdAt`, `updatedAt` FROM `community` AS `Community`;","level":"error"}
{"name":"SequelizeDatabaseError","parent":{"code":"ER_BAD_FIELD_ERROR","errno":1054,"sqlState":"42S22","sqlMessage":"Unknown column 'createdAt' in 'field list'","sql":"SELECT `id`, `name`, `created_at`, `updated_at`, `createdAt`, `updatedAt` FROM `community` AS `Community`;"},"original":{"code":"ER_BAD_FIELD_ERROR","errno":1054,"sqlState":"42S22","sqlMessage":"Unknown column 'createdAt' in 'field list'","sql":"SELECT `id`, `name`, `created_at`, `updated_at`, `createdAt`, `updatedAt` FROM `community` AS `Community`;"},"sql":"SELECT `id`, `name`, `created_at`, `updated_at`, `createdAt`, `updatedAt` FROM `community` AS `Community`;","level":"error"}
{"code":"MODULE_NOT_FOUND","level":"error"}
{"name":"SequelizeDatabaseError","parent":{"code":"ER_BAD_FIELD_ERROR","errno":1054,"sqlState":"42S22","sqlMessage":"Unknown column 'createdAt' in 'field list'","sql":"SELECT `id`, `name`, `createdAt`, `updatedAt` FROM `community` AS `Community`;"},"original":{"code":"ER_BAD_FIELD_ERROR","errno":1054,"sqlState":"42S22","sqlMessage":"Unknown column 'createdAt' in 'field list'","sql":"SELECT `id`, `name`, `createdAt`, `updatedAt` FROM `community` AS `Community`;"},"sql":"SELECT `id`, `name`, `createdAt`, `updatedAt` FROM `community` AS `Community`;","level":"error"}
{"name":"SequelizeDatabaseError","parent":{"code":"ER_BAD_FIELD_ERROR","errno":1054,"sqlState":"42S22","sqlMessage":"Unknown column 'createdAt' in 'field list'","sql":"SELECT `id`, `name`, `createdAt`, `updatedAt` FROM `community` AS `Community`;"},"original":{"code":"ER_BAD_FIELD_ERROR","errno":1054,"sqlState":"42S22","sqlMessage":"Unknown column 'createdAt' in 'field list'","sql":"SELECT `id`, `name`, `createdAt`, `updatedAt` FROM `community` AS `Community`;"},"sql":"SELECT `id`, `name`, `createdAt`, `updatedAt` FROM `community` AS `Community`;","level":"error"}
{"code":"MODULE_NOT_FOUND","level":"error"}
{"name":"SequelizeDatabaseError","parent":{"code":"ER_BAD_FIELD_ERROR","errno":1054,"sqlState":"42S22","sqlMessage":"Unknown column 'createdAt' in 'field list'","sql":"SELECT `id`, `name`, `createdAt`, `updatedAt` FROM `community` AS `Community`;"},"original":{"code":"ER_BAD_FIELD_ERROR","errno":1054,"sqlState":"42S22","sqlMessage":"Unknown column 'createdAt' in 'field list'","sql":"SELECT `id`, `name`, `createdAt`, `updatedAt` FROM `community` AS `Community`;"},"sql":"SELECT `id`, `name`, `createdAt`, `updatedAt` FROM `community` AS `Community`;","level":"error"}
{"name":"SequelizeDatabaseError","parent":{"code":"ER_BAD_FIELD_ERROR","errno":1054,"sqlState":"42S22","sqlMessage":"Unknown column 'createdAt' in 'field list'","sql":"SELECT `id`, `name`, `createdAt`, `updatedAt` FROM `community` AS `Community`;"},"original":{"code":"ER_BAD_FIELD_ERROR","errno":1054,"sqlState":"42S22","sqlMessage":"Unknown column 'createdAt' in 'field list'","sql":"SELECT `id`, `name`, `createdAt`, `updatedAt` FROM `community` AS `Community`;"},"sql":"SELECT `id`, `name`, `createdAt`, `updatedAt` FROM `community` AS `Community`;","level":"error"}
{"code":"MODULE_NOT_FOUND","level":"error"}
{"name":"SequelizeDatabaseError","parent":{"code":"ER_BAD_FIELD_ERROR","errno":1054,"sqlState":"42S22","sqlMessage":"Unknown column 'createdAt' in 'field list'","sql":"SELECT `id`, `name`, `created_at`, `updated_at`, `createdAt`, `updatedAt` FROM `community` AS `Community`;"},"original":{"code":"ER_BAD_FIELD_ERROR","errno":1054,"sqlState":"42S22","sqlMessage":"Unknown column 'createdAt' in 'field list'","sql":"SELECT `id`, `name`, `created_at`, `updated_at`, `createdAt`, `updatedAt` FROM `community` AS `Community`;"},"sql":"SELECT `id`, `name`, `created_at`, `updated_at`, `createdAt`, `updatedAt` FROM `community` AS `Community`;","level":"error"}
{"name":"SequelizeDatabaseError","parent":{"code":"ER_BAD_FIELD_ERROR","errno":1054,"sqlState":"42S22","sqlMessage":"Unknown column 'createdAt' in 'field list'","sql":"SELECT `id`, `name`, `created_at`, `updated_at`, `createdAt`, `updatedAt` FROM `community` AS `Community`;"},"original":{"code":"ER_BAD_FIELD_ERROR","errno":1054,"sqlState":"42S22","sqlMessage":"Unknown column 'createdAt' in 'field list'","sql":"SELECT `id`, `name`, `created_at`, `updated_at`, `createdAt`, `updatedAt` FROM `community` AS `Community`;"},"sql":"SELECT `id`, `name`, `created_at`, `updated_at`, `createdAt`, `updatedAt` FROM `community` AS `Community`;","level":"error"}
{"name":"SequelizeDatabaseError","parent":{"code":"ER_BAD_FIELD_ERROR","errno":1054,"sqlState":"42S22","sqlMessage":"Unknown column 'createdAt' in 'field list'","sql":"SELECT `id`, `id_permission`, `id_role`, `created_at`, `updated_at`, `createdAt`, `updatedAt` FROM `permission_per_role` AS `PermissionPerRole`;"},"original":{"code":"ER_BAD_FIELD_ERROR","errno":1054,"sqlState":"42S22","sqlMessage":"Unknown column 'createdAt' in 'field list'","sql":"SELECT `id`, `id_permission`, `id_role`, `created_at`, `updated_at`, `createdAt`, `updatedAt` FROM `permission_per_role` AS `PermissionPerRole`;"},"sql":"SELECT `id`, `id_permission`, `id_role`, `created_at`, `updated_at`, `createdAt`, `updatedAt` FROM `permission_per_role` AS `PermissionPerRole`;","level":"error"}
{"name":"SequelizeDatabaseError","parent":{"code":"ER_BAD_FIELD_ERROR","errno":1054,"sqlState":"42S22","sqlMessage":"Unknown column 'createdAt' in 'field list'","sql":"SELECT `id`, `id_permission`, `id_role`, `created_at`, `updated_at`, `createdAt`, `updatedAt` FROM `permission_per_role` AS `PermissionPerRole`;"},"original":{"code":"ER_BAD_FIELD_ERROR","errno":1054,"sqlState":"42S22","sqlMessage":"Unknown column 'createdAt' in 'field list'","sql":"SELECT `id`, `id_permission`, `id_role`, `created_at`, `updated_at`, `createdAt`, `updatedAt` FROM `permission_per_role` AS `PermissionPerRole`;"},"sql":"SELECT `id`, `id_permission`, `id_role`, `created_at`, `updated_at`, `createdAt`, `updatedAt` FROM `permission_per_role` AS `PermissionPerRole`;","level":"error"}
{"code":"MODULE_NOT_FOUND","level":"error"}
{"code":"MODULE_NOT_FOUND","level":"error"}
{"name":"SequelizeDatabaseError","parent":{"code":"ER_BAD_FIELD_ERROR","errno":1054,"sqlState":"42S22","sqlMessage":"Unknown column 'createdAt' in 'field list'","sql":"SELECT `id`, `id_permission`, `id_role`, `created_at`, `updated_at`, `createdAt`, `updatedAt` FROM `permission_per_role` AS `PermissionPerRole`;"},"original":{"code":"ER_BAD_FIELD_ERROR","errno":1054,"sqlState":"42S22","sqlMessage":"Unknown column 'createdAt' in 'field list'","sql":"SELECT `id`, `id_permission`, `id_role`, `created_at`, `updated_at`, `createdAt`, `updatedAt` FROM `permission_per_role` AS `PermissionPerRole`;"},"sql":"SELECT `id`, `id_permission`, `id_role`, `created_at`, `updated_at`, `createdAt`, `updatedAt` FROM `permission_per_role` AS `PermissionPerRole`;","level":"error"}
{"name":"SequelizeDatabaseError","parent":{"code":"ER_BAD_FIELD_ERROR","errno":1054,"sqlState":"42S22","sqlMessage":"Unknown column 'createdAt' in 'field list'","sql":"SELECT `id`, `id_permission`, `id_role`, `created_at`, `updated_at`, `createdAt`, `updatedAt` FROM `permission_per_role` AS `PermissionPerRole`;"},"original":{"code":"ER_BAD_FIELD_ERROR","errno":1054,"sqlState":"42S22","sqlMessage":"Unknown column 'createdAt' in 'field list'","sql":"SELECT `id`, `id_permission`, `id_role`, `created_at`, `updated_at`, `createdAt`, `updatedAt` FROM `permission_per_role` AS `PermissionPerRole`;"},"sql":"SELECT `id`, `id_permission`, `id_role`, `created_at`, `updated_at`, `createdAt`, `updatedAt` FROM `permission_per_role` AS `PermissionPerRole`;","level":"error"}
{"code":"MODULE_NOT_FOUND","level":"error"}
{"name":"SequelizeDatabaseError","parent":{"code":"ER_BAD_FIELD_ERROR","errno":1054,"sqlState":"42S22","sqlMessage":"Unknown column 'createdAt' in 'field list'","sql":"SELECT `id`, `id_permission`, `id_role`, `created_at`, `updated_at`, `createdAt`, `updatedAt` FROM `permission_per_role` AS `PermissionPerRole`;"},"original":{"code":"ER_BAD_FIELD_ERROR","errno":1054,"sqlState":"42S22","sqlMessage":"Unknown column 'createdAt' in 'field list'","sql":"SELECT `id`, `id_permission`, `id_role`, `created_at`, `updated_at`, `createdAt`, `updatedAt` FROM `permission_per_role` AS `PermissionPerRole`;"},"sql":"SELECT `id`, `id_permission`, `id_role`, `created_at`, `updated_at`, `createdAt`, `updatedAt` FROM `permission_per_role` AS `PermissionPerRole`;","level":"error"}
{"name":"SequelizeDatabaseError","parent":{"code":"ER_BAD_FIELD_ERROR","errno":1054,"sqlState":"42S22","sqlMessage":"Unknown column 'createdAt' in 'field list'","sql":"SELECT `id`, `id_permission`, `id_role`, `created_at`, `updated_at`, `createdAt`, `updatedAt` FROM `permission_per_role` AS `PermissionPerRole`;"},"original":{"code":"ER_BAD_FIELD_ERROR","errno":1054,"sqlState":"42S22","sqlMessage":"Unknown column 'createdAt' in 'field list'","sql":"SELECT `id`, `id_permission`, `id_role`, `created_at`, `updated_at`, `createdAt`, `updatedAt` FROM `permission_per_role` AS `PermissionPerRole`;"},"sql":"SELECT `id`, `id_permission`, `id_role`, `created_at`, `updated_at`, `createdAt`, `updatedAt` FROM `permission_per_role` AS `PermissionPerRole`;","level":"error"}
{"code":"MODULE_NOT_FOUND","level":"error"}
{"name":"SequelizeDatabaseError","parent":{"code":"ER_BAD_FIELD_ERROR","errno":1054,"sqlState":"42S22","sqlMessage":"Unknown column 'createdAt' in 'field list'","sql":"SELECT `id`, `id_permission`, `id_role`, `created_at`, `updated_at`, `createdAt`, `updatedAt` FROM `permission_per_role` AS `PermissionPerRole`;"},"original":{"code":"ER_BAD_FIELD_ERROR","errno":1054,"sqlState":"42S22","sqlMessage":"Unknown column 'createdAt' in 'field list'","sql":"SELECT `id`, `id_permission`, `id_role`, `created_at`, `updated_at`, `createdAt`, `updatedAt` FROM `permission_per_role` AS `PermissionPerRole`;"},"sql":"SELECT `id`, `id_permission`, `id_role`, `created_at`, `updated_at`, `createdAt`, `updatedAt` FROM `permission_per_role` AS `PermissionPerRole`;","level":"error"}
{"name":"SequelizeDatabaseError","parent":{"code":"ER_BAD_FIELD_ERROR","errno":1054,"sqlState":"42S22","sqlMessage":"Unknown column 'createdAt' in 'field list'","sql":"SELECT `id`, `id_permission`, `id_role`, `created_at`, `updated_at`, `createdAt`, `updatedAt` FROM `permission_per_role` AS `PermissionPerRole`;"},"original":{"code":"ER_BAD_FIELD_ERROR","errno":1054,"sqlState":"42S22","sqlMessage":"Unknown column 'createdAt' in 'field list'","sql":"SELECT `id`, `id_permission`, `id_role`, `created_at`, `updated_at`, `createdAt`, `updatedAt` FROM `permission_per_role` AS `PermissionPerRole`;"},"sql":"SELECT `id`, `id_permission`, `id_role`, `created_at`, `updated_at`, `createdAt`, `updatedAt` FROM `permission_per_role` AS `PermissionPerRole`;","level":"error"}
{"code":"MODULE_NOT_FOUND","level":"error"}
{"name":"SequelizeDatabaseError","parent":{"code":"ER_BAD_FIELD_ERROR","errno":1054,"sqlState":"42S22","sqlMessage":"Unknown column 'createdAt' in 'field list'","sql":"SELECT `id`, `id_permission`, `id_role`, `created_at`, `updated_at`, `createdAt`, `updatedAt` FROM `permission_per_role` AS `PermissionPerRole`;"},"original":{"code":"ER_BAD_FIELD_ERROR","errno":1054,"sqlState":"42S22","sqlMessage":"Unknown column 'createdAt' in 'field list'","sql":"SELECT `id`, `id_permission`, `id_role`, `created_at`, `updated_at`, `createdAt`, `updatedAt` FROM `permission_per_role` AS `PermissionPerRole`;"},"sql":"SELECT `id`, `id_permission`, `id_role`, `created_at`, `updated_at`, `createdAt`, `updatedAt` FROM `permission_per_role` AS `PermissionPerRole`;","level":"error"}
{"name":"SequelizeDatabaseError","parent":{"code":"ER_BAD_FIELD_ERROR","errno":1054,"sqlState":"42S22","sqlMessage":"Unknown column 'createdAt' in 'field list'","sql":"SELECT `id`, `id_permission`, `id_role`, `created_at`, `updated_at`, `createdAt`, `updatedAt` FROM `permission_per_role` AS `PermissionPerRole`;"},"original":{"code":"ER_BAD_FIELD_ERROR","errno":1054,"sqlState":"42S22","sqlMessage":"Unknown column 'createdAt' in 'field list'","sql":"SELECT `id`, `id_permission`, `id_role`, `created_at`, `updated_at`, `createdAt`, `updatedAt` FROM `permission_per_role` AS `PermissionPerRole`;"},"sql":"SELECT `id`, `id_permission`, `id_role`, `created_at`, `updated_at`, `createdAt`, `updatedAt` FROM `permission_per_role` AS `PermissionPerRole`;","level":"error"}
{"code":"MODULE_NOT_FOUND","level":"error"}
{"level":"error"}
{"level":"error"}
{"code":"MODULE_NOT_FOUND","level":"error"}
{"level":"error"}
{"level":"error"}
{"code":"MODULE_NOT_FOUND","level":"error"}
{"code":"MODULE_NOT_FOUND","level":"error"}
{"code":"MODULE_NOT_FOUND","level":"error"}
{"code":"MODULE_NOT_FOUND","level":"error"}
{"code":"MODULE_NOT_FOUND","level":"error"}
{"code":"MODULE_NOT_FOUND","level":"error"}
{"code":"MODULE_NOT_FOUND","level":"error"}
{"code":"MODULE_NOT_FOUND","level":"error"}
{"level":"error"}
{"level":"error"}
{"code":"MODULE_NOT_FOUND","level":"error"}
{"code":"MODULE_NOT_FOUND","level":"error"}
{"level":"error"}
{"level":"error"}
{"level":"error"}
{"level":"error"}
{"level":"error"}
{"level":"error"}
{"level":"error"}
{"name":"SequelizeDatabaseError","parent":{"code":"ER_PARSE_ERROR","errno":1064,"sqlState":"42000","sqlMessage":"You have an error in your SQL syntax; check the manual that corresponds to your MySQL server version for the right syntax to use near '' at line 2","sql":"INSERT\nINTO community"},"original":{"code":"ER_PARSE_ERROR","errno":1064,"sqlState":"42000","sqlMessage":"You have an error in your SQL syntax; check the manual that corresponds to your MySQL server version for the right syntax to use near '' at line 2","sql":"INSERT\nINTO community"},"sql":"INSERT\nINTO community","level":"error"}
{"name":"SequelizeDatabaseError","parent":{"code":"ER_PARSE_ERROR","errno":1064,"sqlState":"42000","sqlMessage":"You have an error in your SQL syntax; check the manual that corresponds to your MySQL server version for the right syntax to use near '' at line 2","sql":"INSERT\nINTO community"},"original":{"code":"ER_PARSE_ERROR","errno":1064,"sqlState":"42000","sqlMessage":"You have an error in your SQL syntax; check the manual that corresponds to your MySQL server version for the right syntax to use near '' at line 2","sql":"INSERT\nINTO community"},"sql":"INSERT\nINTO community","level":"error"}
{"name":"SequelizeDatabaseError","parent":{"code":"ER_PARSE_ERROR","errno":1064,"sqlState":"42000","sqlMessage":"You have an error in your SQL syntax; check the manual that corresponds to your MySQL server version for the right syntax to use near '' at line 2","sql":"INSERT\nINTO community"},"original":{"code":"ER_PARSE_ERROR","errno":1064,"sqlState":"42000","sqlMessage":"You have an error in your SQL syntax; check the manual that corresponds to your MySQL server version for the right syntax to use near '' at line 2","sql":"INSERT\nINTO community"},"sql":"INSERT\nINTO community","level":"error"}
{"name":"SequelizeDatabaseError","parent":{"code":"ER_PARSE_ERROR","errno":1064,"sqlState":"42000","sqlMessage":"You have an error in your SQL syntax; check the manual that corresponds to your MySQL server version for the right syntax to use near '' at line 2","sql":"INSERT\nINTO community"},"original":{"code":"ER_PARSE_ERROR","errno":1064,"sqlState":"42000","sqlMessage":"You have an error in your SQL syntax; check the manual that corresponds to your MySQL server version for the right syntax to use near '' at line 2","sql":"INSERT\nINTO community"},"sql":"INSERT\nINTO community","level":"error"}
{"name":"SequelizeDatabaseError","parent":{"code":"ER_PARSE_ERROR","errno":1064,"sqlState":"42000","sqlMessage":"You have an error in your SQL syntax; check the manual that corresponds to your MySQL server version for the right syntax to use near '' at line 2","sql":"INSERT\nINTO community"},"original":{"code":"ER_PARSE_ERROR","errno":1064,"sqlState":"42000","sqlMessage":"You have an error in your SQL syntax; check the manual that corresponds to your MySQL server version for the right syntax to use near '' at line 2","sql":"INSERT\nINTO community"},"sql":"INSERT\nINTO community","level":"error"}
{"name":"SequelizeDatabaseError","parent":{"code":"ER_PARSE_ERROR","errno":1064,"sqlState":"42000","sqlMessage":"You have an error in your SQL syntax; check the manual that corresponds to your MySQL server version for the right syntax to use near '' at line 2","sql":"INSERT\nINTO community"},"original":{"code":"ER_PARSE_ERROR","errno":1064,"sqlState":"42000","sqlMessage":"You have an error in your SQL syntax; check the manual that corresponds to your MySQL server version for the right syntax to use near '' at line 2","sql":"INSERT\nINTO community"},"sql":"INSERT\nINTO community","level":"error"}
{"level":"error"}
{"level":"error"}
{"name":"SequelizeUniqueConstraintError","errors":[{"message":"UNIQUE_name must be unique","type":"unique violation","path":"UNIQUE_name","value":"My Community","origin":"DB","instance":null,"validatorKey":"not_unique","validatorName":null,"validatorArgs":[]}],"fields":{"UNIQUE_name":"My Community"},"parent":{"code":"ER_DUP_ENTRY","errno":1062,"sqlState":"23000","sqlMessage":"Duplicate entry 'My Community' for key 'UNIQUE_name'","sql":"INSERT\nINTO community\n(name) VALUES ('My Community')"},"original":{"code":"ER_DUP_ENTRY","errno":1062,"sqlState":"23000","sqlMessage":"Duplicate entry 'My Community' for key 'UNIQUE_name'","sql":"INSERT\nINTO community\n(name) VALUES ('My Community')"},"sql":"INSERT\nINTO community\n(name) VALUES ('My Community')","level":"error"}
{"name":"SequelizeUniqueConstraintError","errors":[{"message":"UNIQUE_name must be unique","type":"unique violation","path":"UNIQUE_name","value":"My Community","origin":"DB","instance":null,"validatorKey":"not_unique","validatorName":null,"validatorArgs":[]}],"fields":{"UNIQUE_name":"My Community"},"parent":{"code":"ER_DUP_ENTRY","errno":1062,"sqlState":"23000","sqlMessage":"Duplicate entry 'My Community' for key 'UNIQUE_name'","sql":"INSERT\nINTO community\n(name) VALUES ('My Community')"},"original":{"code":"ER_DUP_ENTRY","errno":1062,"sqlState":"23000","sqlMessage":"Duplicate entry 'My Community' for key 'UNIQUE_name'","sql":"INSERT\nINTO community\n(name) VALUES ('My Community')"},"sql":"INSERT\nINTO community\n(name) VALUES ('My Community')","level":"error"}
{"level":"error"}
{"level":"error"}
{"name":"SequelizeUniqueConstraintError","errors":[{"message":"UNIQUE_name must be unique","type":"unique violation","path":"UNIQUE_name","value":"My Community X","origin":"DB","instance":null,"validatorKey":"not_unique","validatorName":null,"validatorArgs":[]}],"fields":{"UNIQUE_name":"My Community X"},"parent":{"code":"ER_DUP_ENTRY","errno":1062,"sqlState":"23000","sqlMessage":"Duplicate entry 'My Community X' for key 'UNIQUE_name'","sql":"INSERT\nINTO community\n(name) VALUES ('My Community X')"},"original":{"code":"ER_DUP_ENTRY","errno":1062,"sqlState":"23000","sqlMessage":"Duplicate entry 'My Community X' for key 'UNIQUE_name'","sql":"INSERT\nINTO community\n(name) VALUES ('My Community X')"},"sql":"INSERT\nINTO community\n(name) VALUES ('My Community X')","level":"error"}
{"name":"SequelizeUniqueConstraintError","errors":[{"message":"UNIQUE_name must be unique","type":"unique violation","path":"UNIQUE_name","value":"My Community X","origin":"DB","instance":null,"validatorKey":"not_unique","validatorName":null,"validatorArgs":[]}],"fields":{"UNIQUE_name":"My Community X"},"parent":{"code":"ER_DUP_ENTRY","errno":1062,"sqlState":"23000","sqlMessage":"Duplicate entry 'My Community X' for key 'UNIQUE_name'","sql":"INSERT\nINTO community\n(name) VALUES ('My Community X')"},"original":{"code":"ER_DUP_ENTRY","errno":1062,"sqlState":"23000","sqlMessage":"Duplicate entry 'My Community X' for key 'UNIQUE_name'","sql":"INSERT\nINTO community\n(name) VALUES ('My Community X')"},"sql":"INSERT\nINTO community\n(name) VALUES ('My Community X')","level":"error"}
{"name":"SequelizeUniqueConstraintError","errors":[{"message":"UNIQUE_name must be unique","type":"unique violation","path":"UNIQUE_name","value":"My Community X","origin":"DB","instance":null,"validatorKey":"not_unique","validatorName":null,"validatorArgs":[]}],"fields":{"UNIQUE_name":"My Community X"},"parent":{"code":"ER_DUP_ENTRY","errno":1062,"sqlState":"23000","sqlMessage":"Duplicate entry 'My Community X' for key 'UNIQUE_name'","sql":"INSERT\nINTO community\n(name) VALUES ('My Community X')"},"original":{"code":"ER_DUP_ENTRY","errno":1062,"sqlState":"23000","sqlMessage":"Duplicate entry 'My Community X' for key 'UNIQUE_name'","sql":"INSERT\nINTO community\n(name) VALUES ('My Community X')"},"sql":"INSERT\nINTO community\n(name) VALUES ('My Community X')","level":"error"}
{"name":"SequelizeUniqueConstraintError","errors":[{"message":"UNIQUE_name must be unique","type":"unique violation","path":"UNIQUE_name","value":"My Community X","origin":"DB","instance":null,"validatorKey":"not_unique","validatorName":null,"validatorArgs":[]}],"fields":{"UNIQUE_name":"My Community X"},"parent":{"code":"ER_DUP_ENTRY","errno":1062,"sqlState":"23000","sqlMessage":"Duplicate entry 'My Community X' for key 'UNIQUE_name'","sql":"INSERT\nINTO community\n(name) VALUES ('My Community X')"},"original":{"code":"ER_DUP_ENTRY","errno":1062,"sqlState":"23000","sqlMessage":"Duplicate entry 'My Community X' for key 'UNIQUE_name'","sql":"INSERT\nINTO community\n(name) VALUES ('My Community X')"},"sql":"INSERT\nINTO community\n(name) VALUES ('My Community X')","level":"error"}
{"name":"SequelizeUniqueConstraintError","errors":[{"message":"UNIQUE_name must be unique","type":"unique violation","path":"UNIQUE_name","value":"My Community X","origin":"DB","instance":null,"validatorKey":"not_unique","validatorName":null,"validatorArgs":[]}],"fields":{"UNIQUE_name":"My Community X"},"parent":{"code":"ER_DUP_ENTRY","errno":1062,"sqlState":"23000","sqlMessage":"Duplicate entry 'My Community X' for key 'UNIQUE_name'","sql":"INSERT\nINTO community\n(name) VALUES ('My Community X')"},"original":{"code":"ER_DUP_ENTRY","errno":1062,"sqlState":"23000","sqlMessage":"Duplicate entry 'My Community X' for key 'UNIQUE_name'","sql":"INSERT\nINTO community\n(name) VALUES ('My Community X')"},"sql":"INSERT\nINTO community\n(name) VALUES ('My Community X')","level":"error"}
{"name":"SequelizeUniqueConstraintError","errors":[{"message":"UNIQUE_name must be unique","type":"unique violation","path":"UNIQUE_name","value":"My Community X","origin":"DB","instance":null,"validatorKey":"not_unique","validatorName":null,"validatorArgs":[]}],"fields":{"UNIQUE_name":"My Community X"},"parent":{"code":"ER_DUP_ENTRY","errno":1062,"sqlState":"23000","sqlMessage":"Duplicate entry 'My Community X' for key 'UNIQUE_name'","sql":"INSERT\nINTO community\n(name) VALUES ('My Community X')"},"original":{"code":"ER_DUP_ENTRY","errno":1062,"sqlState":"23000","sqlMessage":"Duplicate entry 'My Community X' for key 'UNIQUE_name'","sql":"INSERT\nINTO community\n(name) VALUES ('My Community X')"},"sql":"INSERT\nINTO community\n(name) VALUES ('My Community X')","level":"error"}
{"name":"SequelizeUniqueConstraintError","errors":[{"message":"UNIQUE_name must be unique","type":"unique violation","path":"UNIQUE_name","value":"My Community X","origin":"DB","instance":null,"validatorKey":"not_unique","validatorName":null,"validatorArgs":[]}],"fields":{"UNIQUE_name":"My Community X"},"parent":{"code":"ER_DUP_ENTRY","errno":1062,"sqlState":"23000","sqlMessage":"Duplicate entry 'My Community X' for key 'UNIQUE_name'","sql":"INSERT\nINTO community\n(name) VALUES ('My Community X')"},"original":{"code":"ER_DUP_ENTRY","errno":1062,"sqlState":"23000","sqlMessage":"Duplicate entry 'My Community X' for key 'UNIQUE_name'","sql":"INSERT\nINTO community\n(name) VALUES ('My Community X')"},"sql":"INSERT\nINTO community\n(name) VALUES ('My Community X')","level":"error"}
{"name":"SequelizeUniqueConstraintError","errors":[{"message":"UNIQUE_name must be unique","type":"unique violation","path":"UNIQUE_name","value":"My Community X","origin":"DB","instance":null,"validatorKey":"not_unique","validatorName":null,"validatorArgs":[]}],"fields":{"UNIQUE_name":"My Community X"},"parent":{"code":"ER_DUP_ENTRY","errno":1062,"sqlState":"23000","sqlMessage":"Duplicate entry 'My Community X' for key 'UNIQUE_name'","sql":"INSERT\nINTO community\n(name) VALUES ('My Community X')"},"original":{"code":"ER_DUP_ENTRY","errno":1062,"sqlState":"23000","sqlMessage":"Duplicate entry 'My Community X' for key 'UNIQUE_name'","sql":"INSERT\nINTO community\n(name) VALUES ('My Community X')"},"sql":"INSERT\nINTO community\n(name) VALUES ('My Community X')","level":"error"}
{"name":"SequelizeUniqueConstraintError","errors":[{"message":"UNIQUE_name must be unique","type":"unique violation","path":"UNIQUE_name","value":"My Community X","origin":"DB","instance":null,"validatorKey":"not_unique","validatorName":null,"validatorArgs":[]}],"fields":{"UNIQUE_name":"My Community X"},"parent":{"code":"ER_DUP_ENTRY","errno":1062,"sqlState":"23000","sqlMessage":"Duplicate entry 'My Community X' for key 'UNIQUE_name'","sql":"INSERT\nINTO community\n(name) VALUES ('My Community X')"},"original":{"code":"ER_DUP_ENTRY","errno":1062,"sqlState":"23000","sqlMessage":"Duplicate entry 'My Community X' for key 'UNIQUE_name'","sql":"INSERT\nINTO community\n(name) VALUES ('My Community X')"},"sql":"INSERT\nINTO community\n(name) VALUES ('My Community X')","level":"error"}
{"name":"SequelizeUniqueConstraintError","errors":[{"message":"UNIQUE_name must be unique","type":"unique violation","path":"UNIQUE_name","value":"My Community X","origin":"DB","instance":null,"validatorKey":"not_unique","validatorName":null,"validatorArgs":[]}],"fields":{"UNIQUE_name":"My Community X"},"parent":{"code":"ER_DUP_ENTRY","errno":1062,"sqlState":"23000","sqlMessage":"Duplicate entry 'My Community X' for key 'UNIQUE_name'","sql":"INSERT\nINTO community\n(name) VALUES ('My Community X')"},"original":{"code":"ER_DUP_ENTRY","errno":1062,"sqlState":"23000","sqlMessage":"Duplicate entry 'My Community X' for key 'UNIQUE_name'","sql":"INSERT\nINTO community\n(name) VALUES ('My Community X')"},"sql":"INSERT\nINTO community\n(name) VALUES ('My Community X')","level":"error"}
{"code":"MODULE_NOT_FOUND","level":"error"}
{"code":"MODULE_NOT_FOUND","level":"error"}
{"code":"MODULE_NOT_FOUND","level":"error"}
{"code":"MODULE_NOT_FOUND","level":"error"}
{"errno":-4058,"syscall":"lstat","code":"ENOENT","path":"C:\\Users\\Carlos\\Desktop\\2019-09-12\\expolium\\src/autorest/db/model","level":"error"}
{"errno":-4058,"syscall":"lstat","code":"ENOENT","path":"C:\\Users\\Carlos\\Desktop\\2019-09-12\\expolium\\src/autorest/db/model","level":"error"}
{"code":"MODULE_NOT_FOUND","level":"error"}
{"code":"MODULE_NOT_FOUND","level":"error"}
{"code":"MODULE_NOT_FOUND","level":"error"}
{"level":"error"}
{"level":"error"}
{"code":"MODULE_NOT_FOUND","level":"error"}
{"code":"MODULE_NOT_FOUND","level":"error"}
{"code":"MODULE_NOT_FOUND","level":"error"}
{"code":"MODULE_NOT_FOUND","level":"error"}
{"code":"MODULE_NOT_FOUND","level":"error"}
{"code":"MODULE_NOT_FOUND","level":"error"}
{"code":"MODULE_NOT_FOUND","level":"error"}
{"code":"MODULE_NOT_FOUND","level":"error"}
{"code":"MODULE_NOT_FOUND","level":"error"}
{"code":"MODULE_NOT_FOUND","level":"error"}
{"code":"MODULE_NOT_FOUND","level":"error"}
{"code":"MODULE_NOT_FOUND","level":"error"}
{"code":"MODULE_NOT_FOUND","level":"error"}
{"code":"MODULE_NOT_FOUND","level":"error"}
{"code":"MODULE_NOT_FOUND","level":"error"}
{"code":"MODULE_NOT_FOUND","level":"error"}
{"code":"MODULE_NOT_FOUND","level":"error"}
{"code":"MODULE_NOT_FOUND","level":"error"}
{"code":"MODULE_NOT_FOUND","level":"error"}
{"code":"MODULE_NOT_FOUND","level":"error"}
{"code":"MODULE_NOT_FOUND","level":"error"}
{"code":"MODULE_NOT_FOUND","level":"error"}
{"code":"MODULE_NOT_FOUND","level":"error"}
{"code":"MODULE_NOT_FOUND","level":"error"}
{"code":"MODULE_NOT_FOUND","level":"error"}
{"code":"MODULE_NOT_FOUND","level":"error"}
{"code":"MODULE_NOT_FOUND","level":"error"}
{"code":"MODULE_NOT_FOUND","level":"error"}
{"code":"MODULE_NOT_FOUND","level":"error"}
{"code":"MODULE_NOT_FOUND","level":"error"}
{"code":"MODULE_NOT_FOUND","level":"error"}
{"code":"MODULE_NOT_FOUND","level":"error"}
{"code":"MODULE_NOT_FOUND","level":"error"}
{"code":"MODULE_NOT_FOUND","level":"error"}
{"code":"MODULE_NOT_FOUND","level":"error"}
{"code":"MODULE_NOT_FOUND","level":"error"}
{"code":"MODULE_NOT_FOUND","level":"error"}
{"code":"MODULE_NOT_FOUND","level":"error"}
{"code":"MODULE_NOT_FOUND","level":"error"}
{"code":"MODULE_NOT_FOUND","level":"error"}
{"code":"MODULE_NOT_FOUND","level":"error"}
{"code":"MODULE_NOT_FOUND","level":"error"}
{"code":"MODULE_NOT_FOUND","level":"error"}
{"code":"MODULE_NOT_FOUND","level":"error"}
{"code":"MODULE_NOT_FOUND","level":"error"}
{"code":"MODULE_NOT_FOUND","level":"error"}
{"code":"MODULE_NOT_FOUND","level":"error"}
{"code":"MODULE_NOT_FOUND","level":"error"}
{"code":"MODULE_NOT_FOUND","level":"error"}
{"code":"MODULE_NOT_FOUND","level":"error"}
{"code":"MODULE_NOT_FOUND","level":"error"}
{"code":"MODULE_NOT_FOUND","level":"error"}
{"level":"error"}
{"level":"error"}
{"code":"MODULE_NOT_FOUND","level":"error"}
{"code":"MODULE_NOT_FOUND","level":"error"}
{"code":"MODULE_NOT_FOUND","level":"error"}
{"code":"MODULE_NOT_FOUND","level":"error"}
{"level":"error"}
{"level":"error"}
{"level":"error"}
{"level":"error"}
{"level":"error"}
{"level":"error"}
{"level":"error"}
{"level":"error"}
{"level":"error"}
{"level":"error"}
{"level":"error"}
{"level":"error"}
{"level":"error"}
{"level":"error"}
{"level":"error"}
{"level":"error"}
{"level":"error"}
{"level":"error"}
{"level":"error"}
{"level":"error"}
{"level":"error"}
{"level":"error"}
{"level":"error"}
{"level":"error"}
{"level":"error"}
{"level":"error"}
{"level":"error"}
{"level":"error"}
{"level":"error"}
{"level":"error"}
{"level":"error"}
{"level":"error"}
{"level":"error"}
{"level":"error"}
{"level":"error"}
{"level":"error"}
{"level":"error"}
{"code":"MODULE_NOT_FOUND","level":"error"}
{"code":"MODULE_NOT_FOUND","level":"error"}
{"level":"error"}
{"name":"MustHaveProperty","message":"router","level":"error"}
{"level":"error"}
{"level":"error"}
{"level":"error"}
{"level":"error"}
{"level":"error"}
{"level":"error"}
{"level":"error"}
{"level":"error"}
{"level":"error"}
{"level":"error"}
{"level":"error"}
{"level":"error"}
{"level":"error"}
{"level":"error"}
{"level":"error"}
